  Compiling CUDA source file Engine.cu...
  Compiling CUDA source file Particle.cu...
  Compiling CUDA source file kernel.cu...
  
  C:\Users\theun\source\repos\ParticlesInSpaceSimulation\ParticlesInSpaceSimulation>"C:\Program Files\NVIDIA GPU Computing Toolkit\CUDA\v12.1\bin\nvcc.exe" -gencode=arch=compute_52,code=\"sm_52,compute_52\" --use-local-env -ccbin "C:\Program Files\Microsoft Visual Studio\2022\Community\VC\Tools\MSVC\14.33.31629\bin\HostX64\x64" -x cu   -I"C:\Program Files\NVIDIA GPU Computing Toolkit\CUDA\v12.1\include" -I"C:\Users\theun\vcpkg\installed\x64-windows\include" -I"C:\Program Files\NVIDIA GPU Computing Toolkit\CUDA\v12.1\include"  -G   --keep-dir x64\Debug  -maxrregcount=0   --machine 64 --compile -cudart static  -g  -DWIN32 -DWIN64 -D_DEBUG -D_CONSOLE -D_MBCS -Xcompiler "/EHsc /W3 /nologo /Od /FS /Zi /RTC1 /MDd " -Xcompiler "/Fdx64\Debug\vc143.pdb" -o C:\Users\theun\source\repos\ParticlesInSpaceSimulation\ParticlesInSpaceSimulation\x64\Debug\Engine.cu.obj "C:\Users\theun\source\repos\ParticlesInSpaceSimulation\ParticlesInSpaceSimulation\Engine.cu" 
  
  C:\Users\theun\source\repos\ParticlesInSpaceSimulation\ParticlesInSpaceSimulation>"C:\Program Files\NVIDIA GPU Computing Toolkit\CUDA\v12.1\bin\nvcc.exe" -gencode=arch=compute_52,code=\"sm_52,compute_52\" --use-local-env -ccbin "C:\Program Files\Microsoft Visual Studio\2022\Community\VC\Tools\MSVC\14.33.31629\bin\HostX64\x64" -x cu   -I"C:\Program Files\NVIDIA GPU Computing Toolkit\CUDA\v12.1\include" -I"C:\Users\theun\vcpkg\installed\x64-windows\include" -I"C:\Program Files\NVIDIA GPU Computing Toolkit\CUDA\v12.1\include"  -G   --keep-dir x64\Debug  -maxrregcount=0   --machine 64 --compile -cudart static  -g  -DWIN32 -DWIN64 -D_DEBUG -D_CONSOLE -D_MBCS -Xcompiler "/EHsc /W3 /nologo /Od /FS /Zi /RTC1 /MDd " -Xcompiler "/Fdx64\Debug\vc143.pdb" -o C:\Users\theun\source\repos\ParticlesInSpaceSimulation\ParticlesInSpaceSimulation\x64\Debug\Particle.cu.obj "C:\Users\theun\source\repos\ParticlesInSpaceSimulation\ParticlesInSpaceSimulation\Particle.cu" 
  
  C:\Users\theun\source\repos\ParticlesInSpaceSimulation\ParticlesInSpaceSimulation>"C:\Program Files\NVIDIA GPU Computing Toolkit\CUDA\v12.1\bin\nvcc.exe" -gencode=arch=compute_52,code=\"sm_52,compute_52\" --use-local-env -ccbin "C:\Program Files\Microsoft Visual Studio\2022\Community\VC\Tools\MSVC\14.33.31629\bin\HostX64\x64" -x cu   -I"C:\Program Files\NVIDIA GPU Computing Toolkit\CUDA\v12.1\include" -I"C:\Users\theun\vcpkg\installed\x64-windows\include" -I"C:\Program Files\NVIDIA GPU Computing Toolkit\CUDA\v12.1\include"  -G   --keep-dir x64\Debug  -maxrregcount=0   --machine 64 --compile -cudart static  -g  -DWIN32 -DWIN64 -D_DEBUG -D_CONSOLE -D_MBCS -Xcompiler "/EHsc /W3 /nologo /Od /FS /Zi /RTC1 /MDd " -Xcompiler "/Fdx64\Debug\vc143.pdb" -o C:\Users\theun\source\repos\ParticlesInSpaceSimulation\ParticlesInSpaceSimulation\x64\Debug\kernel.cu.obj "C:\Users\theun\source\repos\ParticlesInSpaceSimulation\ParticlesInSpaceSimulation\kernel.cu" 
C:\Users\theun\vcpkg\installed\x64-windows\include\SFML/System/String.hpp(527): warning #1394-D: field of class type without a DLL interface used in a class with a DLL interface
        std::basic_string<Uint32> m_string; 
                                  ^
  
  Remark: The warnings can be suppressed with "-diag-suppress <warning-number>"
  
C:\Users\theun\vcpkg\installed\x64-windows\include\SFML/System/String.hpp(527): warning #1394-D: field of class type without a DLL interface used in a class with a DLL interface
        std::basic_string<Uint32> m_string; 
                                  ^
  
  Remark: The warnings can be suppressed with "-diag-suppress <warning-number>"
  
C:\Users\theun\vcpkg\installed\x64-windows\include\SFML/System/String.hpp(527): warning #1394-D: field of class type without a DLL interface used in a class with a DLL interface
        std::basic_string<Uint32> m_string; 
                                  ^
  
  Remark: The warnings can be suppressed with "-diag-suppress <warning-number>"
  
C:\Users\theun\vcpkg\installed\x64-windows\include\SFML/Window/WindowBase.hpp(474): warning #1394-D: field of class type without a DLL interface used in a class with a DLL interface
        Vector2u          m_size;           
                          ^
  
C:\Users\theun\vcpkg\installed\x64-windows\include\SFML/Graphics/Transformable.hpp(319): warning #1394-D: field of class type without a DLL interface used in a class with a DLL interface
        Vector2f          m_origin;                     
                          ^
  
C:\Users\theun\vcpkg\installed\x64-windows\include\SFML/Graphics/Transformable.hpp(320): warning #1394-D: field of class type without a DLL interface used in a class with a DLL interface
        Vector2f          m_position;                   
                          ^
  
C:\Users\theun\vcpkg\installed\x64-windows\include\SFML/Graphics/Transformable.hpp(322): warning #1394-D: field of class type without a DLL interface used in a class with a DLL interface
        Vector2f          m_scale;                      
                          ^
  
C:\Users\theun\vcpkg\installed\x64-windows\include\SFML/Graphics/Vertex.hpp(97): warning #1394-D: field of class type without a DLL interface used in a class with a DLL interface
        Vector2f  position;  
                  ^
  
C:\Users\theun\vcpkg\installed\x64-windows\include\SFML/Graphics/Vertex.hpp(99): warning #1394-D: field of class type without a DLL interface used in a class with a DLL interface
        Vector2f  texCoords; 
                  ^
  
C:\Users\theun\vcpkg\installed\x64-windows\include\SFML/Window/WindowBase.hpp(474): warning #1394-D: field of class type without a DLL interface used in a class with a DLL interface
        Vector2u          m_size;           
                          ^
  
C:\Users\theun\vcpkg\installed\x64-windows\include\SFML/Graphics/VertexArray.hpp(190): warning #1394-D: field of class type without a DLL interface used in a class with a DLL interface
        std::vector<Vertex> m_vertices;      
                            ^
  
C:\Users\theun\vcpkg\installed\x64-windows\include\SFML/Graphics/Transformable.hpp(319): warning #1394-D: field of class type without a DLL interface used in a class with a DLL interface
        Vector2f          m_origin;                     
                          ^
  
C:\Users\theun\vcpkg\installed\x64-windows\include\SFML/Graphics/Transformable.hpp(320): warning #1394-D: field of class type without a DLL interface used in a class with a DLL interface
        Vector2f          m_position;                   
                          ^
  
C:\Users\theun\vcpkg\installed\x64-windows\include\SFML/Graphics/Transformable.hpp(322): warning #1394-D: field of class type without a DLL interface used in a class with a DLL interface
        Vector2f          m_scale;                      
                          ^
  
C:\Users\theun\vcpkg\installed\x64-windows\include\SFML/Graphics/Shape.hpp(309): warning #1394-D: field of class type without a DLL interface used in a class with a DLL interface
        IntRect        m_textureRect;      
C:\Users\theun\vcpkg\installed\x64-windows\include\SFML/Graphics/Vertex.hpp(97): warning #1394-D: field of class type without a DLL interface used in a class with a DLL interface
        Vector2f  position;  
                       ^
  
                  ^
  
C:\Users\theun\vcpkg\installed\x64-windows\include\SFML/Graphics/Vertex.hpp(99): warning #1394-D: field of class type without a DLL interface used in a class with a DLL interface
C:\Users\theun\vcpkg\installed\x64-windows\include\SFML/Graphics/Shape.hpp(315): warning #1394-D: field of class type without a DLL interface used in a class with a DLL interface
        Vector2f  texCoords; 
        FloatRect      m_insideBounds;     
                  ^
                       ^
  
  
C:\Users\theun\vcpkg\installed\x64-windows\include\SFML/Graphics/Shape.hpp(316): warning #1394-D: field of class type without a DLL interface used in a class with a DLL interface
        FloatRect      m_bounds;           
                       ^
  
C:\Users\theun\vcpkg\installed\x64-windows\include\SFML/Graphics/VertexArray.hpp(190): warning #1394-D: field of class type without a DLL interface used in a class with a DLL interface
        std::vector<Vertex> m_vertices;      
                            ^
  
C:\Users\theun\vcpkg\installed\x64-windows\include\SFML/Graphics/Shape.hpp(309): warning #1394-D: field of class type without a DLL interface used in a class with a DLL interface
        IntRect        m_textureRect;      
                       ^
  
C:\Users\theun\vcpkg\installed\x64-windows\include\SFML/Graphics/Shape.hpp(315): warning #1394-D: field of class type without a DLL interface used in a class with a DLL interface
        FloatRect      m_insideBounds;     
                       ^
  
C:\Users\theun\vcpkg\installed\x64-windows\include\SFML/Graphics/Shape.hpp(316): warning #1394-D: field of class type without a DLL interface used in a class with a DLL interface
        FloatRect      m_bounds;           
                       ^
  
C:\Users\theun\vcpkg\installed\x64-windows\include\SFML/Graphics/ConvexShape.hpp(115): warning #1394-D: field of class type without a DLL interface used in a class with a DLL interface
        std::vector<Vector2f> m_points; 
                              ^
  
C:\Users\theun\vcpkg\installed\x64-windows\include\SFML/Graphics/Glyph.hpp(57): warning #1394-D: field of class type without a DLL interface used in a class with a DLL interface
        FloatRect bounds;      
                  ^
  
C:\Users\theun\vcpkg\installed\x64-windows\include\SFML/Graphics/Glyph.hpp(58): warning #1394-D: field of class type without a DLL interface used in a class with a DLL interface
        IntRect   textureRect; 
                  ^
  
C:\Users\theun\vcpkg\installed\x64-windows\include\SFML/Graphics/Image.hpp(288): warning #1394-D: field of class type without a DLL interface used in a class with a DLL interface
        Vector2u           m_size;   
                           ^
  
C:\Users\theun\vcpkg\installed\x64-windows\include\SFML/Graphics/ConvexShape.hpp(115): warning #1394-D: field of class type without a DLL interface used in a class with a DLL interface
        std::vector<Vector2f> m_points; 
                              ^
  
C:\Users\theun\vcpkg\installed\x64-windows\include\SFML/Graphics/Glyph.hpp(57): warning #1394-D: field of class type without a DLL interface used in a class with a DLL interface
        FloatRect bounds;      
                  ^
  
C:\Users\theun\vcpkg\installed\x64-windows\include\SFML/Graphics/Glyph.hpp(58): warning #1394-D: field of class type without a DLL interface used in a class with a DLL interface
        IntRect   textureRect; 
                  ^
  
C:\Users\theun\vcpkg\installed\x64-windows\include\SFML/Graphics/Image.hpp(288): warning #1394-D: field of class type without a DLL interface used in a class with a DLL interface
        Vector2u           m_size;   
                           ^
  
C:\Users\theun\vcpkg\installed\x64-windows\include\SFML/Graphics/Image.hpp(289): warning #1394-D: field of class type without a DLL interface used in a class with a DLL interface
        std::vector<Uint8> m_pixels; 
                           ^
  
C:\Users\theun\vcpkg\installed\x64-windows\include\SFML/Graphics/Texture.hpp(619): warning #1394-D: field of class type without a DLL interface used in a class with a DLL interface
        Vector2u     m_size;          
                     ^
  
C:\Users\theun\vcpkg\installed\x64-windows\include\SFML/Graphics/Texture.hpp(620): warning #1394-D: field of class type without a DLL interface used in a class with a DLL interface
        Vector2u     m_actualSize;    
C:\Users\theun\vcpkg\installed\x64-windows\include\SFML/Graphics/Image.hpp(289): warning #1394-D: field of class type without a DLL interface used in a class with a DLL interface
                     ^
        std::vector<Uint8> m_pixels; 
  
                           ^
  
C:\Users\theun\vcpkg\installed\x64-windows\include\SFML/Graphics/Texture.hpp(619): warning #1394-D: field of class type without a DLL interface used in a class with a DLL interface
        Vector2u     m_size;          
                     ^
  
C:\Users\theun\vcpkg\installed\x64-windows\include\SFML/Graphics/Texture.hpp(620): warning #1394-D: field of class type without a DLL interface used in a class with a DLL interface
        Vector2u     m_actualSize;    
                     ^
  
C:\Users\theun\vcpkg\installed\x64-windows\include\SFML/Window/WindowBase.hpp(474): warning #1394-D: field of class type without a DLL interface used in a class with a DLL interface
        Vector2u          m_size;           
                          ^
  
C:\Users\theun\vcpkg\installed\x64-windows\include\SFML/Graphics/Transformable.hpp(319): warning #1394-D: field of class type without a DLL interface used in a class with a DLL interface
        Vector2f          m_origin;                     
                          ^
  
C:\Users\theun\vcpkg\installed\x64-windows\include\SFML/Graphics/Transformable.hpp(320): warning #1394-D: field of class type without a DLL interface used in a class with a DLL interface
        Vector2f          m_position;                   
                          ^
  
C:\Users\theun\vcpkg\installed\x64-windows\include\SFML/Graphics/Transformable.hpp(322): warning #1394-D: field of class type without a DLL interface used in a class with a DLL interface
        Vector2f          m_scale;                      
                          ^
  
C:\Users\theun\vcpkg\installed\x64-windows\include\SFML/Graphics/Vertex.hpp(97): warning #1394-D: field of class type without a DLL interface used in a class with a DLL interface
        Vector2f  position;  
                  ^
  
C:\Users\theun\vcpkg\installed\x64-windows\include\SFML/Graphics/Vertex.hpp(99): warning #1394-D: field of class type without a DLL interface used in a class with a DLL interface
        Vector2f  texCoords; 
                  ^
  
C:\Users\theun\vcpkg\installed\x64-windows\include\SFML/Graphics/VertexArray.hpp(190): warning #1394-D: field of class type without a DLL interface used in a class with a DLL interface
        std::vector<Vertex> m_vertices;      
                            ^
  
C:\Users\theun\vcpkg\installed\x64-windows\include\SFML/Graphics/Shape.hpp(309): warning #1394-D: field of class type without a DLL interface used in a class with a DLL interface
        IntRect        m_textureRect;      
                       ^
  
C:\Users\theun\vcpkg\installed\x64-windows\include\SFML/Graphics/Shape.hpp(315): warning #1394-D: field of class type without a DLL interface used in a class with a DLL interface
        FloatRect      m_insideBounds;     
                       ^
  
C:\Users\theun\vcpkg\installed\x64-windows\include\SFML/Graphics/Shape.hpp(316): warning #1394-D: field of class type without a DLL interface used in a class with a DLL interface
        FloatRect      m_bounds;           
                       ^
  
C:\Users\theun\vcpkg\installed\x64-windows\include\SFML/Graphics/ConvexShape.hpp(115): warning #1394-D: field of class type without a DLL interface used in a class with a DLL interface
        std::vector<Vector2f> m_points; 
                              ^
  
C:\Users\theun\vcpkg\installed\x64-windows\include\SFML/Graphics/Glyph.hpp(57): warning #1394-D: field of class type without a DLL interface used in a class with a DLL interface
        FloatRect bounds;      
                  ^
  
C:\Users\theun\vcpkg\installed\x64-windows\include\SFML/Graphics/Glyph.hpp(58): warning #1394-D: field of class type without a DLL interface used in a class with a DLL interface
        IntRect   textureRect; 
                  ^
  
C:\Users\theun\vcpkg\installed\x64-windows\include\SFML/Graphics/Image.hpp(288): warning #1394-D: field of class type without a DLL interface used in a class with a DLL interface
        Vector2u           m_size;   
                           ^
  
C:\Users\theun\vcpkg\installed\x64-windows\include\SFML/Graphics/Image.hpp(289): warning #1394-D: field of class type without a DLL interface used in a class with a DLL interface
        std::vector<Uint8> m_pixels; 
                           ^
  
C:\Users\theun\vcpkg\installed\x64-windows\include\SFML/Graphics/Texture.hpp(619): warning #1394-D: field of class type without a DLL interface used in a class with a DLL interface
        Vector2u     m_size;          
                     ^
  
C:\Users\theun\vcpkg\installed\x64-windows\include\SFML/Graphics/Texture.hpp(620): warning #1394-D: field of class type without a DLL interface used in a class with a DLL interface
        Vector2u     m_actualSize;    
                     ^
  
C:\Users\theun\vcpkg\installed\x64-windows\include\SFML/Graphics/Font.hpp(411): warning #1394-D: field of class type without a DLL interface used in a class with a DLL interface
        Info                       m_info;        
                                   ^
  
C:\Users\theun\vcpkg\installed\x64-windows\include\SFML/Graphics/Font.hpp(411): warning #1394-D: field of class type without a DLL interface used in a class with a DLL interface
        Info                       m_info;        
                                   ^
  
C:\Users\theun\vcpkg\installed\x64-windows\include\SFML/Graphics/Font.hpp(412): warning #1394-D: field of class type without a DLL interface used in a class with a DLL interface
        mutable PageTable          m_pages;       
                                   ^
  
C:\Users\theun\vcpkg\installed\x64-windows\include\SFML/Graphics/Font.hpp(413): warning #1394-D: field of class type without a DLL interface used in a class with a DLL interface
        mutable std::vector<Uint8> m_pixelBuffer; 
                                   ^
  
C:\Users\theun\vcpkg\installed\x64-windows\include\SFML/Graphics/RectangleShape.hpp(102): warning #1394-D: field of class type without a DLL interface used in a class with a DLL interface
        Vector2f m_size; 
                 ^
  
C:\Users\theun\vcpkg\installed\x64-windows\include\SFML/Graphics/View.hpp(272): warning #1394-D: field of class type without a DLL interface used in a class with a DLL interface
        Vector2f          m_center;              
                          ^
  
C:\Users\theun\vcpkg\installed\x64-windows\include\SFML/Graphics/View.hpp(273): warning #1394-D: field of class type without a DLL interface used in a class with a DLL interface
        Vector2f          m_size;                
                          ^
  
C:\Users\theun\vcpkg\installed\x64-windows\include\SFML/Graphics/View.hpp(275): warning #1394-D: field of class type without a DLL interface used in a class with a DLL interface
        FloatRect         m_viewport;            
                          ^
  
C:\Users\theun\vcpkg\installed\x64-windows\include\SFML/Graphics/RenderTarget.hpp(484): warning #1394-D: field of class type without a DLL interface used in a class with a DLL interface
        StatesCache m_cache;       
                    ^
  
C:\Users\theun\vcpkg\installed\x64-windows\include\SFML/Graphics/Font.hpp(412): warning #1394-D: field of class type without a DLL interface used in a class with a DLL interface
        mutable PageTable          m_pages;       
                                   ^
  
C:\Users\theun\vcpkg\installed\x64-windows\include\SFML/Graphics/Font.hpp(413): warning #1394-D: field of class type without a DLL interface used in a class with a DLL interface
        mutable std::vector<Uint8> m_pixelBuffer; 
                                   ^
  
C:\Users\theun\vcpkg\installed\x64-windows\include\SFML/Graphics/RectangleShape.hpp(102): warning #1394-D: field of class type without a DLL interface used in a class with a DLL interface
        Vector2f m_size; 
                 ^
  
C:\Users\theun\vcpkg\installed\x64-windows\include\SFML/Graphics/View.hpp(272): warning #1394-D: field of class type without a DLL interface used in a class with a DLL interface
        Vector2f          m_center;              
                          ^
  
C:\Users\theun\vcpkg\installed\x64-windows\include\SFML/Graphics/View.hpp(273): warning #1394-D: field of class type without a DLL interface used in a class with a DLL interface
        Vector2f          m_size;                
                          ^
  
C:\Users\theun\vcpkg\installed\x64-windows\include\SFML/Graphics/View.hpp(275): warning #1394-D: field of class type without a DLL interface used in a class with a DLL interface
        FloatRect         m_viewport;            
                          ^
  
C:\Users\theun\vcpkg\installed\x64-windows\include\SFML/Graphics/RenderTarget.hpp(484): warning #1394-D: field of class type without a DLL interface used in a class with a DLL interface
        StatesCache m_cache;       
                    ^
  
C:\Users\theun\vcpkg\installed\x64-windows\include\SFML/Graphics/Shader.hpp(750): warning #1394-D: field of class type without a DLL interface used in a class with a DLL interface
        TextureTable m_textures;       
                     ^
  
C:\Users\theun\vcpkg\installed\x64-windows\include\SFML/Graphics/Shader.hpp(750): warning #1394-D: field of class type without a DLL interface used in a class with a DLL interface
        TextureTable m_textures;       
                     ^
  
C:\Users\theun\vcpkg\installed\x64-windows\include\SFML/Graphics/Shader.hpp(751): warning #1394-D: field of class type without a DLL interface used in a class with a DLL interface
        UniformTable m_uniforms;       
                     ^
  
C:\Users\theun\vcpkg\installed\x64-windows\include\SFML/Graphics/Sprite.hpp(220): warning #1394-D: field of class type without a DLL interface used in a class with a DLL interface
        IntRect        m_textureRect; 
                       ^
  
C:\Users\theun\vcpkg\installed\x64-windows\include\SFML/Graphics/Text.hpp(449): warning #1394-D: field of class type without a DLL interface used in a class with a DLL interface
        mutable FloatRect   m_bounds;              
                            ^
  
C:\Users\theun\vcpkg\installed\x64-windows\include\SFML/Graphics/Shader.hpp(751): warning #1394-D: field of class type without a DLL interface used in a class with a DLL interface
        UniformTable m_uniforms;       
                     ^
  
C:\Users\theun\vcpkg\installed\x64-windows\include\SFML/Graphics/Sprite.hpp(220): warning #1394-D: field of class type without a DLL interface used in a class with a DLL interface
        IntRect        m_textureRect; 
                       ^
  
C:\Users\theun\vcpkg\installed\x64-windows\include\SFML/Graphics/Text.hpp(449): warning #1394-D: field of class type without a DLL interface used in a class with a DLL interface
        mutable FloatRect   m_bounds;              
                            ^
  
C:\Users\theun\vcpkg\installed\x64-windows\include\SFML/Graphics/Font.hpp(411): warning #1394-D: field of class type without a DLL interface used in a class with a DLL interface
        Info                       m_info;        
                                   ^
  
C:\Users\theun\vcpkg\installed\x64-windows\include\SFML/Graphics/Font.hpp(412): warning #1394-D: field of class type without a DLL interface used in a class with a DLL interface
        mutable PageTable          m_pages;       
                                   ^
  
C:\Users\theun\vcpkg\installed\x64-windows\include\SFML/Graphics/Font.hpp(413): warning #1394-D: field of class type without a DLL interface used in a class with a DLL interface
        mutable std::vector<Uint8> m_pixelBuffer; 
                                   ^
  
C:\Users\theun\vcpkg\installed\x64-windows\include\SFML/Graphics/RectangleShape.hpp(102): warning #1394-D: field of class type without a DLL interface used in a class with a DLL interface
        Vector2f m_size; 
                 ^
  
C:\Users\theun\vcpkg\installed\x64-windows\include\SFML/Graphics/View.hpp(272): warning #1394-D: field of class type without a DLL interface used in a class with a DLL interface
        Vector2f          m_center;              
                          ^
  
C:\Users\theun\vcpkg\installed\x64-windows\include\SFML/Graphics/View.hpp(273): warning #1394-D: field of class type without a DLL interface used in a class with a DLL interface
        Vector2f          m_size;                
                          ^
  
C:\Users\theun\vcpkg\installed\x64-windows\include\SFML/Graphics/View.hpp(275): warning #1394-D: field of class type without a DLL interface used in a class with a DLL interface
        FloatRect         m_viewport;            
                          ^
  
C:\Users\theun\vcpkg\installed\x64-windows\include\SFML/Graphics/RenderTarget.hpp(484): warning #1394-D: field of class type without a DLL interface used in a class with a DLL interface
        StatesCache m_cache;       
                    ^
  
C:\Users\theun\vcpkg\installed\x64-windows\include\SFML/Graphics/Shader.hpp(750): warning #1394-D: field of class type without a DLL interface used in a class with a DLL interface
        TextureTable m_textures;       
                     ^
  
C:\Users\theun\vcpkg\installed\x64-windows\include\SFML/Graphics/Shader.hpp(751): warning #1394-D: field of class type without a DLL interface used in a class with a DLL interface
        UniformTable m_uniforms;       
                     ^
  
C:\Users\theun\vcpkg\installed\x64-windows\include\SFML/Graphics/Sprite.hpp(220): warning #1394-D: field of class type without a DLL interface used in a class with a DLL interface
        IntRect        m_textureRect; 
                       ^
  
C:\Users\theun\vcpkg\installed\x64-windows\include\SFML/Graphics/Text.hpp(449): warning #1394-D: field of class type without a DLL interface used in a class with a DLL interface
        mutable FloatRect   m_bounds;              
                            ^
  
C:\Users\theun\vcpkg\installed\x64-windows\include\SFML/System/String.hpp(527): warning #1394-D: field of class type without a DLL interface used in a class with a DLL interface
        std::basic_string<Uint32> m_string; 
                                  ^
  
  Remark: The warnings can be suppressed with "-diag-suppress <warning-number>"
  
C:\Users\theun\vcpkg\installed\x64-windows\include\SFML/System/String.hpp(527): warning #1394-D: field of class type without a DLL interface used in a class with a DLL interface
        std::basic_string<Uint32> m_string; 
                                  ^
  
  Remark: The warnings can be suppressed with "-diag-suppress <warning-number>"
  
C:\Users\theun\vcpkg\installed\x64-windows\include\SFML/Window/WindowBase.hpp(474): warning #1394-D: field of class type without a DLL interface used in a class with a DLL interface
        Vector2u          m_size;           
                          ^
  
C:\Users\theun\vcpkg\installed\x64-windows\include\SFML/Graphics/Transformable.hpp(319): warning #1394-D: field of class type without a DLL interface used in a class with a DLL interface
        Vector2f          m_origin;                     
                          ^
  
C:\Users\theun\vcpkg\installed\x64-windows\include\SFML/Graphics/Transformable.hpp(320): warning #1394-D: field of class type without a DLL interface used in a class with a DLL interface
        Vector2f          m_position;                   
                          ^
  
C:\Users\theun\vcpkg\installed\x64-windows\include\SFML/Graphics/Transformable.hpp(322): warning #1394-D: field of class type without a DLL interface used in a class with a DLL interface
        Vector2f          m_scale;                      
                          ^
  
C:\Users\theun\vcpkg\installed\x64-windows\include\SFML/Graphics/Vertex.hpp(97): warning #1394-D: field of class type without a DLL interface used in a class with a DLL interface
        Vector2f  position;  
                  ^
  
C:\Users\theun\vcpkg\installed\x64-windows\include\SFML/Graphics/Vertex.hpp(99): warning #1394-D: field of class type without a DLL interface used in a class with a DLL interface
        Vector2f  texCoords; 
                  ^
  
C:\Users\theun\vcpkg\installed\x64-windows\include\SFML/Graphics/VertexArray.hpp(190): warning #1394-D: field of class type without a DLL interface used in a class with a DLL interface
        std::vector<Vertex> m_vertices;      
                            ^
  
C:\Users\theun\vcpkg\installed\x64-windows\include\SFML/Graphics/Shape.hpp(309): warning #1394-D: field of class type without a DLL interface used in a class with a DLL interface
        IntRect        m_textureRect;      
                       ^
  
C:\Users\theun\vcpkg\installed\x64-windows\include\SFML/Graphics/Shape.hpp(315): warning #1394-D: field of class type without a DLL interface used in a class with a DLL interface
        FloatRect      m_insideBounds;     
                       ^
  
C:\Users\theun\vcpkg\installed\x64-windows\include\SFML/Graphics/Shape.hpp(316): warning #1394-D: field of class type without a DLL interface used in a class with a DLL interface
        FloatRect      m_bounds;           
                       ^
  
C:\Users\theun\vcpkg\installed\x64-windows\include\SFML/Graphics/ConvexShape.hpp(115): warning #1394-D: field of class type without a DLL interface used in a class with a DLL interface
        std::vector<Vector2f> m_points; 
                              ^
  
C:\Users\theun\vcpkg\installed\x64-windows\include\SFML/Graphics/Glyph.hpp(57): warning #1394-D: field of class type without a DLL interface used in a class with a DLL interface
        FloatRect bounds;      
                  ^
  
C:\Users\theun\vcpkg\installed\x64-windows\include\SFML/Graphics/Glyph.hpp(58): warning #1394-D: field of class type without a DLL interface used in a class with a DLL interface
        IntRect   textureRect; 
                  ^
  
C:\Users\theun\vcpkg\installed\x64-windows\include\SFML/Graphics/Image.hpp(288): warning #1394-D: field of class type without a DLL interface used in a class with a DLL interface
        Vector2u           m_size;   
                           ^
  
C:\Users\theun\vcpkg\installed\x64-windows\include\SFML/Graphics/Image.hpp(289): warning #1394-D: field of class type without a DLL interface used in a class with a DLL interface
        std::vector<Uint8> m_pixels; 
                           ^
  
C:\Users\theun\vcpkg\installed\x64-windows\include\SFML/Graphics/Texture.hpp(619): warning #1394-D: field of class type without a DLL interface used in a class with a DLL interface
        Vector2u     m_size;          
                     ^
  
C:\Users\theun\vcpkg\installed\x64-windows\include\SFML/Graphics/Texture.hpp(620): warning #1394-D: field of class type without a DLL interface used in a class with a DLL interface
        Vector2u     m_actualSize;    
                     ^
  
C:\Users\theun\vcpkg\installed\x64-windows\include\SFML/Window/WindowBase.hpp(474): warning #1394-D: field of class type without a DLL interface used in a class with a DLL interface
        Vector2u          m_size;           
                          ^
  
C:\Users\theun\vcpkg\installed\x64-windows\include\SFML/System/String.hpp(527): warning #1394-D: field of class type without a DLL interface used in a class with a DLL interface
        std::basic_string<Uint32> m_string; 
                                  ^
  
  Remark: The warnings can be suppressed with "-diag-suppress <warning-number>"
  
C:\Users\theun\vcpkg\installed\x64-windows\include\SFML/Graphics/Transformable.hpp(319): warning #1394-D: field of class type without a DLL interface used in a class with a DLL interface
        Vector2f          m_origin;                     
                          ^
  
C:\Users\theun\vcpkg\installed\x64-windows\include\SFML/Graphics/Transformable.hpp(320): warning #1394-D: field of class type without a DLL interface used in a class with a DLL interface
        Vector2f          m_position;                   
                          ^
  
C:\Users\theun\vcpkg\installed\x64-windows\include\SFML/Graphics/Transformable.hpp(322): warning #1394-D: field of class type without a DLL interface used in a class with a DLL interface
        Vector2f          m_scale;                      
                          ^
  
C:\Users\theun\vcpkg\installed\x64-windows\include\SFML/Graphics/Vertex.hpp(97): warning #1394-D: field of class type without a DLL interface used in a class with a DLL interface
        Vector2f  position;  
                  ^
  
C:\Users\theun\vcpkg\installed\x64-windows\include\SFML/Graphics/Vertex.hpp(99): warning #1394-D: field of class type without a DLL interface used in a class with a DLL interface
        Vector2f  texCoords; 
                  ^
  
C:\Users\theun\vcpkg\installed\x64-windows\include\SFML/Graphics/VertexArray.hpp(190): warning #1394-D: field of class type without a DLL interface used in a class with a DLL interface
        std::vector<Vertex> m_vertices;      
                            ^
  
C:\Users\theun\vcpkg\installed\x64-windows\include\SFML/Graphics/Shape.hpp(309): warning #1394-D: field of class type without a DLL interface used in a class with a DLL interface
        IntRect        m_textureRect;      
                       ^
  
C:\Users\theun\vcpkg\installed\x64-windows\include\SFML/Graphics/Shape.hpp(315): warning #1394-D: field of class type without a DLL interface used in a class with a DLL interface
        FloatRect      m_insideBounds;     
                       ^
  
C:\Users\theun\vcpkg\installed\x64-windows\include\SFML/Graphics/Shape.hpp(316): warning #1394-D: field of class type without a DLL interface used in a class with a DLL interface
        FloatRect      m_bounds;           
                       ^
  
C:\Users\theun\vcpkg\installed\x64-windows\include\SFML/Graphics/ConvexShape.hpp(115): warning #1394-D: field of class type without a DLL interface used in a class with a DLL interface
        std::vector<Vector2f> m_points; 
                              ^
  
C:\Users\theun\vcpkg\installed\x64-windows\include\SFML/Graphics/Glyph.hpp(57): warning #1394-D: field of class type without a DLL interface used in a class with a DLL interface
        FloatRect bounds;      
                  ^
  
C:\Users\theun\vcpkg\installed\x64-windows\include\SFML/Graphics/Glyph.hpp(58): warning #1394-D: field of class type without a DLL interface used in a class with a DLL interface
        IntRect   textureRect; 
                  ^
  
C:\Users\theun\vcpkg\installed\x64-windows\include\SFML/Graphics/Image.hpp(288): warning #1394-D: field of class type without a DLL interface used in a class with a DLL interface
        Vector2u           m_size;   
                           ^
  
C:\Users\theun\vcpkg\installed\x64-windows\include\SFML/Graphics/Image.hpp(289): warning #1394-D: field of class type without a DLL interface used in a class with a DLL interface
        std::vector<Uint8> m_pixels; 
                           ^
  
C:\Users\theun\vcpkg\installed\x64-windows\include\SFML/Graphics/Texture.hpp(619): warning #1394-D: field of class type without a DLL interface used in a class with a DLL interface
        Vector2u     m_size;          
                     ^
  
C:\Users\theun\vcpkg\installed\x64-windows\include\SFML/Graphics/Texture.hpp(620): warning #1394-D: field of class type without a DLL interface used in a class with a DLL interface
        Vector2u     m_actualSize;    
                     ^
  
C:\Users\theun\vcpkg\installed\x64-windows\include\SFML/Window/WindowBase.hpp(474): warning #1394-D: field of class type without a DLL interface used in a class with a DLL interface
        Vector2u          m_size;           
                          ^
  
C:\Users\theun\vcpkg\installed\x64-windows\include\SFML/Graphics/Transformable.hpp(319): warning #1394-D: field of class type without a DLL interface used in a class with a DLL interface
        Vector2f          m_origin;                     
                          ^
  
C:\Users\theun\vcpkg\installed\x64-windows\include\SFML/Graphics/Transformable.hpp(320): warning #1394-D: field of class type without a DLL interface used in a class with a DLL interface
        Vector2f          m_position;                   
                          ^
  
C:\Users\theun\vcpkg\installed\x64-windows\include\SFML/Graphics/Transformable.hpp(322): warning #1394-D: field of class type without a DLL interface used in a class with a DLL interface
        Vector2f          m_scale;                      
                          ^
  
C:\Users\theun\vcpkg\installed\x64-windows\include\SFML/Graphics/Vertex.hpp(97): warning #1394-D: field of class type without a DLL interface used in a class with a DLL interface
        Vector2f  position;  
                  ^
  
C:\Users\theun\vcpkg\installed\x64-windows\include\SFML/Graphics/Vertex.hpp(99): warning #1394-D: field of class type without a DLL interface used in a class with a DLL interface
        Vector2f  texCoords; 
                  ^
  
C:\Users\theun\vcpkg\installed\x64-windows\include\SFML/Graphics/Font.hpp(411): warning #1394-D: field of class type without a DLL interface used in a class with a DLL interface
        Info                       m_info;        
                                   ^
  
C:\Users\theun\vcpkg\installed\x64-windows\include\SFML/Graphics/VertexArray.hpp(190): warning #1394-D: field of class type without a DLL interface used in a class with a DLL interface
        std::vector<Vertex> m_vertices;      
                            ^
  
C:\Users\theun\vcpkg\installed\x64-windows\include\SFML/Graphics/Shape.hpp(309): warning #1394-D: field of class type without a DLL interface used in a class with a DLL interface
        IntRect        m_textureRect;      
                       ^
  
C:\Users\theun\vcpkg\installed\x64-windows\include\SFML/Graphics/Shape.hpp(315): warning #1394-D: field of class type without a DLL interface used in a class with a DLL interface
        FloatRect      m_insideBounds;     
                       ^
  
C:\Users\theun\vcpkg\installed\x64-windows\include\SFML/Graphics/Shape.hpp(316): warning #1394-D: field of class type without a DLL interface used in a class with a DLL interface
        FloatRect      m_bounds;           
                       ^
  
C:\Users\theun\vcpkg\installed\x64-windows\include\SFML/Graphics/Font.hpp(412): warning #1394-D: field of class type without a DLL interface used in a class with a DLL interface
        mutable PageTable          m_pages;       
                                   ^
  
C:\Users\theun\vcpkg\installed\x64-windows\include\SFML/Graphics/Font.hpp(413): warning #1394-D: field of class type without a DLL interface used in a class with a DLL interface
        mutable std::vector<Uint8> m_pixelBuffer; 
C:\Users\theun\vcpkg\installed\x64-windows\include\SFML/Graphics/ConvexShape.hpp(115): warning #1394-D: field of class type without a DLL interface used in a class with a DLL interface
        std::vector<Vector2f> m_points; 
                              ^
  
                                   ^
  
C:\Users\theun\vcpkg\installed\x64-windows\include\SFML/Graphics/Glyph.hpp(57): warning #1394-D: field of class type without a DLL interface used in a class with a DLL interface
C:\Users\theun\vcpkg\installed\x64-windows\include\SFML/Graphics/RectangleShape.hpp(102): warning #1394-D: field of class type without a DLL interface used in a class with a DLL interface
        FloatRect bounds;      
                  ^
  
C:\Users\theun\vcpkg\installed\x64-windows\include\SFML/Graphics/Glyph.hpp(58): warning #1394-D: field of class type without a DLL interface used in a class with a DLL interface
        IntRect   textureRect; 
                  ^
  
        Vector2f m_size; 
                 ^
  
C:\Users\theun\vcpkg\installed\x64-windows\include\SFML/Graphics/View.hpp(272): warning #1394-D: field of class type without a DLL interface used in a class with a DLL interface
        Vector2f          m_center;              
C:\Users\theun\vcpkg\installed\x64-windows\include\SFML/Graphics/Image.hpp(288): warning #1394-D: field of class type without a DLL interface used in a class with a DLL interface
        Vector2u           m_size;   
                           ^
  
                          ^
  
C:\Users\theun\vcpkg\installed\x64-windows\include\SFML/Graphics/View.hpp(273): warning #1394-D: field of class type without a DLL interface used in a class with a DLL interface
        Vector2f          m_size;                
                          ^
  
C:\Users\theun\vcpkg\installed\x64-windows\include\SFML/Graphics/View.hpp(275): warning #1394-D: field of class type without a DLL interface used in a class with a DLL interface
        FloatRect         m_viewport;            
                          ^
  
C:\Users\theun\vcpkg\installed\x64-windows\include\SFML/Graphics/RenderTarget.hpp(484): warning #1394-D: field of class type without a DLL interface used in a class with a DLL interface
        StatesCache m_cache;       
                    ^
  
C:\Users\theun\vcpkg\installed\x64-windows\include\SFML/Graphics/Image.hpp(289): warning #1394-D: field of class type without a DLL interface used in a class with a DLL interface
        std::vector<Uint8> m_pixels; 
                           ^
  
C:\Users\theun\vcpkg\installed\x64-windows\include\SFML/Graphics/Texture.hpp(619): warning #1394-D: field of class type without a DLL interface used in a class with a DLL interface
        Vector2u     m_size;          
                     ^
  
C:\Users\theun\vcpkg\installed\x64-windows\include\SFML/Graphics/Texture.hpp(620): warning #1394-D: field of class type without a DLL interface used in a class with a DLL interface
        Vector2u     m_actualSize;    
                     ^
  
C:\Users\theun\vcpkg\installed\x64-windows\include\SFML/Graphics/Shader.hpp(750): warning #1394-D: field of class type without a DLL interface used in a class with a DLL interface
        TextureTable m_textures;       
                     ^
  
C:\Users\theun\vcpkg\installed\x64-windows\include\SFML/Graphics/Shader.hpp(751): warning #1394-D: field of class type without a DLL interface used in a class with a DLL interface
        UniformTable m_uniforms;       
                     ^
  
C:\Users\theun\vcpkg\installed\x64-windows\include\SFML/Graphics/Sprite.hpp(220): warning #1394-D: field of class type without a DLL interface used in a class with a DLL interface
        IntRect        m_textureRect; 
                       ^
  
C:\Users\theun\vcpkg\installed\x64-windows\include\SFML/Graphics/Text.hpp(449): warning #1394-D: field of class type without a DLL interface used in a class with a DLL interface
        mutable FloatRect   m_bounds;              
                            ^
  
C:\Users\theun\vcpkg\installed\x64-windows\include\SFML/Graphics/Font.hpp(411): warning #1394-D: field of class type without a DLL interface used in a class with a DLL interface
        Info                       m_info;        
                                   ^
  
C:\Users\theun\vcpkg\installed\x64-windows\include\SFML/Graphics/Font.hpp(412): warning #1394-D: field of class type without a DLL interface used in a class with a DLL interface
        mutable PageTable          m_pages;       
                                   ^
  
C:\Users\theun\vcpkg\installed\x64-windows\include\SFML/Graphics/Font.hpp(413): warning #1394-D: field of class type without a DLL interface used in a class with a DLL interface
        mutable std::vector<Uint8> m_pixelBuffer; 
                                   ^
  
C:\Users\theun\vcpkg\installed\x64-windows\include\SFML/Graphics/RectangleShape.hpp(102): warning #1394-D: field of class type without a DLL interface used in a class with a DLL interface
        Vector2f m_size; 
                 ^
  
C:\Users\theun\vcpkg\installed\x64-windows\include\SFML/Graphics/View.hpp(272): warning #1394-D: field of class type without a DLL interface used in a class with a DLL interface
        Vector2f          m_center;              
                          ^
  
C:\Users\theun\vcpkg\installed\x64-windows\include\SFML/Graphics/View.hpp(273): warning #1394-D: field of class type without a DLL interface used in a class with a DLL interface
        Vector2f          m_size;                
                          ^
  
C:\Users\theun\vcpkg\installed\x64-windows\include\SFML/Graphics/View.hpp(275): warning #1394-D: field of class type without a DLL interface used in a class with a DLL interface
        FloatRect         m_viewport;            
                          ^
  
C:\Users\theun\vcpkg\installed\x64-windows\include\SFML/Graphics/RenderTarget.hpp(484): warning #1394-D: field of class type without a DLL interface used in a class with a DLL interface
        StatesCache m_cache;       
                    ^
  
C:\Users\theun\vcpkg\installed\x64-windows\include\SFML/Graphics/Shader.hpp(750): warning #1394-D: field of class type without a DLL interface used in a class with a DLL interface
        TextureTable m_textures;       
                     ^
  
C:\Users\theun\vcpkg\installed\x64-windows\include\SFML/Graphics/Shader.hpp(751): warning #1394-D: field of class type without a DLL interface used in a class with a DLL interface
        UniformTable m_uniforms;       
                     ^
  
C:\Users\theun\vcpkg\installed\x64-windows\include\SFML/Graphics/Sprite.hpp(220): warning #1394-D: field of class type without a DLL interface used in a class with a DLL interface
        IntRect        m_textureRect; 
                       ^
  
C:\Users\theun\vcpkg\installed\x64-windows\include\SFML/Graphics/Text.hpp(449): warning #1394-D: field of class type without a DLL interface used in a class with a DLL interface
        mutable FloatRect   m_bounds;              
                            ^
  
C:\Users\theun\vcpkg\installed\x64-windows\include\SFML/Graphics/Font.hpp(411): warning #1394-D: field of class type without a DLL interface used in a class with a DLL interface
        Info                       m_info;        
                                   ^
  
C:\Users\theun\vcpkg\installed\x64-windows\include\SFML/Graphics/Font.hpp(412): warning #1394-D: field of class type without a DLL interface used in a class with a DLL interface
        mutable PageTable          m_pages;       
                                   ^
  
C:\Users\theun\vcpkg\installed\x64-windows\include\SFML/Graphics/Font.hpp(413): warning #1394-D: field of class type without a DLL interface used in a class with a DLL interface
        mutable std::vector<Uint8> m_pixelBuffer; 
                                   ^
  
C:\Users\theun\vcpkg\installed\x64-windows\include\SFML/Graphics/RectangleShape.hpp(102): warning #1394-D: field of class type without a DLL interface used in a class with a DLL interface
        Vector2f m_size; 
                 ^
  
C:\Users\theun\vcpkg\installed\x64-windows\include\SFML/Graphics/View.hpp(272): warning #1394-D: field of class type without a DLL interface used in a class with a DLL interface
        Vector2f          m_center;              
                          ^
  
C:\Users\theun\vcpkg\installed\x64-windows\include\SFML/Graphics/View.hpp(273): warning #1394-D: field of class type without a DLL interface used in a class with a DLL interface
        Vector2f          m_size;                
                          ^
  
C:\Users\theun\vcpkg\installed\x64-windows\include\SFML/Graphics/View.hpp(275): warning #1394-D: field of class type without a DLL interface used in a class with a DLL interface
        FloatRect         m_viewport;            
                          ^
  
C:\Users\theun\vcpkg\installed\x64-windows\include\SFML/Graphics/RenderTarget.hpp(484): warning #1394-D: field of class type without a DLL interface used in a class with a DLL interface
        StatesCache m_cache;       
                    ^
  
C:\Users\theun\vcpkg\installed\x64-windows\include\SFML/Graphics/Shader.hpp(750): warning #1394-D: field of class type without a DLL interface used in a class with a DLL interface
        TextureTable m_textures;       
                     ^
  
C:\Users\theun\vcpkg\installed\x64-windows\include\SFML/Graphics/Shader.hpp(751): warning #1394-D: field of class type without a DLL interface used in a class with a DLL interface
        UniformTable m_uniforms;       
                     ^
  
C:\Users\theun\vcpkg\installed\x64-windows\include\SFML/Graphics/Sprite.hpp(220): warning #1394-D: field of class type without a DLL interface used in a class with a DLL interface
        IntRect        m_textureRect; 
                       ^
  
C:\Users\theun\vcpkg\installed\x64-windows\include\SFML/Graphics/Text.hpp(449): warning #1394-D: field of class type without a DLL interface used in a class with a DLL interface
        mutable FloatRect   m_bounds;              
                            ^
  
  kernel.cu
  Particle.cu
  Engine.cu
  tmpxft_00009af4_00000000-7_Particle.cudafe1.cpp
C:\Users\theun\source\repos\ParticlesInSpaceSimulation\ParticlesInSpaceSimulation\Particle.cu(7): warning C4244: 'argument': conversion from 'float' to 'sf::Uint8', possible loss of data
C:\Users\theun\source\repos\ParticlesInSpaceSimulation\ParticlesInSpaceSimulation\Particle.cu(7): warning C4244: 'argument': conversion from 'float' to 'sf::Uint8', possible loss of data
C:\Users\theun\source\repos\ParticlesInSpaceSimulation\ParticlesInSpaceSimulation\Particle.cu(7): warning C4244: 'argument': conversion from 'float' to 'sf::Uint8', possible loss of data
  tmpxft_00009aa4_00000000-7_kernel.cudafe1.cpp
  tmpxft_00009ad0_00000000-7_Engine.cudafe1.cpp
  ParticlesInSpaceSimulation.vcxproj -> C:\Users\theun\source\repos\ParticlesInSpaceSimulation\x64\Debug\ParticlesInSpaceSimulation.exe
